./apq-common.adb
./apq-common.ads
./apq-keys-arrays.ads
./apq-keys-sets.ads
./apq-keys.adb
./apq-keys.ads
./apq-links.adb
./apq-links.ads
./apq_ct_lib.ads
./apq_mysql.ads
./apq_postgresql.ads
./apq_sybase.ads
./atomic-access/ada/generic_blackboard.adb
./atomic-access/ada/generic_blackboard.ads
./atomic-access/ada/gnat-sockets-server.adb
./atomic-access/ada/gnat-sockets-server.ads
./atomic-access/ada/readme.txt
./atomic-access/gcc/generic_blackboard.adb
./atomic-access/gcc/generic_blackboard.ads
./atomic-access/gcc/gnat-sockets-server.adb
./atomic-access/gcc/gnat-sockets-server.ads
./atomic-access/gcc/readme.txt
./atomic-access/gcc-long-offsets/generic_blackboard.adb
./atomic-access/gcc-long-offsets/generic_blackboard.ads
./atomic-access/gcc-long-offsets/gnat-sockets-server.adb
./atomic-access/gcc-long-offsets/gnat-sockets-server.ads
./atomic-access/gcc-long-offsets/readme.txt
./backward_link_handles-sets.ads
./backward_link_handles.ads
./blackboard.gif
./block_streams.adb
./block_streams.ads
./components-apq.gpr
./components-connections_server-elv_max_cube.gpr
./components-connections_server-http_server-sqlite_browser.gpr
./components-connections_server-http_server.gpr
./components-connections_server-modbus.gpr
./components-connections_server-mqtt.gpr
./components-connections_server-secure.gpr
./components-connections_server-smtp.gpr
./components-connections_server.gpr
./components-gnade.gpr
./components-gnutls.gpr
./components-odbc.gpr
./components-sqlite.gpr
./components.gpr
./components.htm
./debian-logo.jpg
./deposit_handles.ads
./directed_graph.gif
./directed_weighted_graph.gif
./download.jpg
./d_l_lists.gif
./events_array_deadlock.gif
./fedora-logo.jpg
./fifo.gif
./gamma.adb
./generic_address_order.adb
./generic_address_order.ads
./generic_blackboard-generic_task_safe.adb
./generic_blackboard-generic_task_safe.ads
./generic_b_tree.adb
./generic_b_tree.ads
./generic_chebyshev_polynomials.adb
./generic_chebyshev_polynomials.ads
./generic_cubic_spline.adb
./generic_cubic_spline.ads
./generic_directed_graph.adb
./generic_directed_graph.ads
./generic_directed_weighted_graph.adb
./generic_directed_weighted_graph.ads
./generic_discrete_indefinite_map.adb
./generic_discrete_indefinite_map.ads
./generic_discrete_map.adb
./generic_discrete_map.ads
./generic_discrete_set.adb
./generic_discrete_set.ads
./generic_doubly_linked.ads
./generic_doubly_linked_web-generic_list.adb
./generic_doubly_linked_web-generic_list.ads
./generic_doubly_linked_web.adb
./generic_doubly_linked_web.ads
./generic_fifo-generic_signaled.adb
./generic_fifo-generic_signaled.ads
./generic_fifo.adb
./generic_fifo.ads
./generic_indefinite_b_tree.adb
./generic_indefinite_b_tree.ads
./generic_indefinite_fifo-generic_signaled.adb
./generic_indefinite_fifo-generic_signaled.ads
./generic_indefinite_fifo.adb
./generic_indefinite_fifo.ads
./generic_indefinite_map.adb
./generic_indefinite_map.ads
./generic_indefinite_set.adb
./generic_indefinite_set.ads
./generic_map.adb
./generic_map.ads
./generic_random_sequence.adb
./generic_random_sequence.ads
./generic_segmented_stack.adb
./generic_segmented_stack.ads
./generic_set.adb
./generic_set.ads
./generic_stack.adb
./generic_stack.ads
./generic_unbounded_array.adb
./generic_unbounded_array.ads
./generic_unbounded_ptr_array.adb
./generic_unbounded_ptr_array.ads
./gnat-debug/object.adb
./gnat-debug/readme_components.txt
./gnat-sockets-connection_state_machine-big_endian-generic_double_precision_ieee_754.adb
./gnat-sockets-connection_state_machine-big_endian-generic_double_precision_ieee_754.ads
./gnat-sockets-connection_state_machine-big_endian-generic_single_precision_ieee_754.adb
./gnat-sockets-connection_state_machine-big_endian-generic_single_precision_ieee_754.ads
./gnat-sockets-connection_state_machine-big_endian-ieee_754_floats.ads
./gnat-sockets-connection_state_machine-big_endian-ieee_754_long_floats.ads
./gnat-sockets-connection_state_machine-big_endian-integers.adb
./gnat-sockets-connection_state_machine-big_endian-integers.ads
./gnat-sockets-connection_state_machine-big_endian-unsigneds.adb
./gnat-sockets-connection_state_machine-big_endian-unsigneds.ads
./gnat-sockets-connection_state_machine-big_endian.ads
./gnat-sockets-connection_state_machine-chain_code-generic_integer.adb
./gnat-sockets-connection_state_machine-chain_code-generic_integer.ads
./gnat-sockets-connection_state_machine-chain_code-generic_unsigned.adb
./gnat-sockets-connection_state_machine-chain_code-generic_unsigned.ads
./gnat-sockets-connection_state_machine-chain_code-integers.ads
./gnat-sockets-connection_state_machine-chain_code-naturals.ads
./gnat-sockets-connection_state_machine-chain_code.ads
./gnat-sockets-connection_state_machine-elv_max_cube_client-stream_io.adb
./gnat-sockets-connection_state_machine-elv_max_cube_client-stream_io.ads
./gnat-sockets-connection_state_machine-elv_max_cube_client.adb
./gnat-sockets-connection_state_machine-elv_max_cube_client.ads
./gnat-sockets-connection_state_machine-expected_sequence.adb
./gnat-sockets-connection_state_machine-expected_sequence.ads
./gnat-sockets-connection_state_machine-generic_key.adb
./gnat-sockets-connection_state_machine-generic_key.ads
./gnat-sockets-connection_state_machine-http_client-signaled.adb
./gnat-sockets-connection_state_machine-http_client-signaled.ads
./gnat-sockets-connection_state_machine-http_client.adb
./gnat-sockets-connection_state_machine-http_client.ads
./gnat-sockets-connection_state_machine-http_server-sqlite_browser.adb
./gnat-sockets-connection_state_machine-http_server-sqlite_browser.ads
./gnat-sockets-connection_state_machine-http_server.adb
./gnat-sockets-connection_state_machine-http_server.ads
./gnat-sockets-connection_state_machine-little_endian-generic_double_precision_ieee_754.adb
./gnat-sockets-connection_state_machine-little_endian-generic_double_precision_ieee_754.ads
./gnat-sockets-connection_state_machine-little_endian-generic_single_precision_ieee_754.adb
./gnat-sockets-connection_state_machine-little_endian-generic_single_precision_ieee_754.ads
./gnat-sockets-connection_state_machine-little_endian-ieee_754_floats.ads
./gnat-sockets-connection_state_machine-little_endian-ieee_754_long_floats.ads
./gnat-sockets-connection_state_machine-little_endian-integers.adb
./gnat-sockets-connection_state_machine-little_endian-integers.ads
./gnat-sockets-connection_state_machine-little_endian-unsigneds.adb
./gnat-sockets-connection_state_machine-little_endian-unsigneds.ads
./gnat-sockets-connection_state_machine-little_endian.ads
./gnat-sockets-connection_state_machine-modbus_client-synchronous.adb
./gnat-sockets-connection_state_machine-modbus_client-synchronous.ads
./gnat-sockets-connection_state_machine-modbus_client.adb
./gnat-sockets-connection_state_machine-modbus_client.ads
./gnat-sockets-connection_state_machine-terminated_strings.adb
./gnat-sockets-connection_state_machine-terminated_strings.ads
./gnat-sockets-connection_state_machine-variable_length_arrays.adb
./gnat-sockets-connection_state_machine-variable_length_arrays.ads
./gnat-sockets-connection_state_machine-variable_length_strings.adb
./gnat-sockets-connection_state_machine-variable_length_strings.ads
./gnat-sockets-connection_state_machine.adb
./gnat-sockets-connection_state_machine.ads
./gnat-sockets-mqtt-server.adb
./gnat-sockets-mqtt-server.ads
./gnat-sockets-mqtt-streams.adb
./gnat-sockets-mqtt-streams.ads
./gnat-sockets-mqtt.adb
./gnat-sockets-mqtt.ads
./gnat-sockets-server-handles.ads
./gnat-sockets-server-pooled.adb
./gnat-sockets-server-pooled.ads
./gnat-sockets-server-secure-anonymous.adb
./gnat-sockets-server-secure-anonymous.ads
./gnat-sockets-server-secure-x509.adb
./gnat-sockets-server-secure-x509.ads
./gnat-sockets-server-secure.adb
./gnat-sockets-server-secure.ads
./gnat-sockets-smtp-client-synchronous.adb
./gnat-sockets-smtp-client-synchronous.ads
./gnat-sockets-smtp-client.adb
./gnat-sockets-smtp-client.ads
./gnat-sockets-smtp.adb
./gnat-sockets-smtp.ads
./gnu-db-sqlcli-api-keys-arrays.ads
./gnu-db-sqlcli-api-keys-edit.ads
./gnu-db-sqlcli-api-keys-sets.ads
./gnu-db-sqlcli-api-keys.adb
./gnu-db-sqlcli-api-keys.ads
./gnu-db-sqlcli-api-links.adb
./gnu-db-sqlcli-api-links.ads
./gnu-db-sqlcli-api-tracing.adb
./gnu-db-sqlcli-api-tracing.ads
./gnu-db-sqlcli-api.adb
./gnu-db-sqlcli-api.ads
./gnutls.adb
./gnutls.ads
./home.jpg
./ieee_754-floats.ads
./ieee_754-generic_double_precision.adb
./ieee_754-generic_double_precision.ads
./ieee_754-generic_single_precision.adb
./ieee_754-generic_single_precision.ads
./ieee_754-long_floats.ads
./ieee_754.ads
./in.jpg
./index.gif
./lexer.jpg
./long_float_chebyshev_polynomials.ads
./long_float_cubic_spline.ads
./next.gif
./object-archived-handle.adb
./object-archived-handle.ads
./object-archived-iterators.adb
./object-archived-iterators.ads
./object-archived-lists.adb
./object-archived-lists.ads
./object-archived-sets.adb
./object-archived-sets.ads
./object-archived.adb
./object-archived.ads
./object-handle-generic_bounded_array.adb
./object-handle-generic_bounded_array.ads
./object-handle-generic_handle_set.adb
./object-handle-generic_handle_set.ads
./object-handle-generic_set.adb
./object-handle-generic_set.ads
./object-handle-generic_unbounded_array.adb
./object-handle-generic_unbounded_array.ads
./object-handle.adb
./object-handle.ads
./object.adb
./object.ads
./odbc/odbc.gpr
./odbc/odbc32/i686/odbc-architecture_dependent.ads
./odbc/odbc32/odbc-driver_dependent.ads
./odbc/odbc32/x86_64/odbc-architecture_dependent.ads
./odbc/unixodbc/armhf/odbc-architecture_dependent.ads
./odbc/unixodbc/i686/odbc-architecture_dependent.ads
./odbc/unixodbc/odbc-driver_dependent.ads
./odbc/unixodbc/x86_64/odbc-architecture_dependent.ads
./odbc-api-keys-arrays.ads
./odbc-api-keys-edit.ads
./odbc-api-keys-sets.ads
./odbc-api-keys.adb
./odbc-api-keys.ads
./odbc-api-links.adb
./odbc-api-links.ads
./odbc-api.adb
./odbc-api.ads
./odbc-bound_parameters.adb
./odbc-bound_parameters.ads
./odbc-sqltypes.adb
./odbc-sqltypes.ads
./odbc-thin.adb
./odbc-thin.ads
./odbc.ads
./parser-examples/calculator/calculator.adb
./parser-examples/calculator/calculator.ads
./parser-examples/calculator/console_calculator.adb
./parser-examples/calculator/console_calculator.gpr
./parser-examples/calculator/readme.txt
./parser-examples/operation-stacks/operation_stack_expressions.adb
./parser-examples/operation-stacks/operation_stack_expressions.ads
./parser-examples/operation-stacks/readme.txt
./parser-examples/operation-stacks/test_operation_stack.adb
./parser-examples/operation-stacks/test_operation_stack.gpr
./parser-examples/parsing-tree/parsers-ada-get_character_literal.adb
./parser-examples/parsing-tree/parsers-ada-get_identifier.adb
./parser-examples/parsing-tree/parsers-ada-get_numeric_literal.adb
./parser-examples/parsing-tree/parsers-ada-get_string_literal.adb
./parser-examples/parsing-tree/parsers-ada.adb
./parser-examples/parsing-tree/parsers-ada.ads
./parser-examples/parsing-tree/readme.txt
./parser-examples/parsing-tree/test_ada_parser.adb
./parser-examples/parsing-tree/test_ada_parser.gpr
./parser-examples/parsing-tree/test_ada_parser.txt
./parsers-generic_argument-segmented_stack.adb
./parsers-generic_argument-segmented_stack.ads
./parsers-generic_argument.ads
./parsers-generic_lexer-ada_2005_blanks.adb
./parsers-generic_lexer-ada_2005_blanks.ads
./parsers-generic_lexer-ada_blanks.adb
./parsers-generic_lexer-ada_blanks.ads
./parsers-generic_lexer-blanks.adb
./parsers-generic_lexer-blanks.ads
./parsers-generic_lexer-cpp_blanks.adb
./parsers-generic_lexer-cpp_blanks.ads
./parsers-generic_lexer.adb
./parsers-generic_lexer.ads
./parsers-generic_operation-generic_stack.adb
./parsers-generic_operation-generic_stack.ads
./parsers-generic_operation-segmented_stack.ads
./parsers-generic_operation.ads
./parsers-generic_source-get_ada_2005_blank.adb
./parsers-generic_source-get_ada_2005_blank.ads
./parsers-generic_source-get_ada_blank.adb
./parsers-generic_source-get_ada_blank.ads
./parsers-generic_source-get_blank.adb
./parsers-generic_source-get_blank.ads
./parsers-generic_source-get_cpp_blank.adb
./parsers-generic_source-get_cpp_blank.ads
./parsers-generic_source-get_text.adb
./parsers-generic_source-get_text.ads
./parsers-generic_source-get_token.adb
./parsers-generic_source-get_token.ads
./parsers-generic_source-get_utf8_text.adb
./parsers-generic_source-get_utf8_text.ads
./parsers-generic_source-keywords.adb
./parsers-generic_source-keywords.ads
./parsers-generic_source-text_io.adb
./parsers-generic_source-text_io.ads
./parsers-generic_source.ads
./parsers-generic_token-generic_token_lexer.adb
./parsers-generic_token-generic_token_lexer.ads
./parsers-generic_token-segmented_lexer.ads
./parsers-generic_token.adb
./parsers-generic_token.ads
./parsers-multiline_source-latin1_text_io.adb
./parsers-multiline_source-latin1_text_io.ads
./parsers-multiline_source-location_text_io.ads
./parsers-multiline_source-standard_input.adb
./parsers-multiline_source-standard_input.ads
./parsers-multiline_source-stream_io.adb
./parsers-multiline_source-stream_io.ads
./parsers-multiline_source-text_io.adb
./parsers-multiline_source-text_io.ads
./parsers-multiline_source-wide_text_io.adb
./parsers-multiline_source-wide_text_io.ads
./parsers-multiline_source.adb
./parsers-multiline_source.ads
./parsers-string_source.adb
./parsers-string_source.ads
./parsers.ads
./persistent-apq.adb
./persistent-apq.ads
./persistent-blocking_files-text_io.adb
./persistent-blocking_files-text_io.ads
./persistent-blocking_files-transactional-dump.adb
./persistent-blocking_files-transactional-dump.ads
./persistent-blocking_files-transactional.adb
./persistent-blocking_files-transactional.ads
./persistent-blocking_files.adb
./persistent-blocking_files.ads
./persistent-data_bank-index-text_io.adb
./persistent-data_bank-index-text_io.ads
./persistent-data_bank-index.adb
./persistent-data_bank-index.ads
./persistent-data_bank-indexed-text_io.adb
./persistent-data_bank-indexed-text_io.ads
./persistent-data_bank-indexed.adb
./persistent-data_bank-indexed.ads
./persistent-data_bank-mutexes.ads
./persistent-data_bank-reference.adb
./persistent-data_bank-reference.ads
./persistent-data_bank.adb
./persistent-data_bank.ads
./persistent-directory.adb
./persistent-directory.ads
./persistent-handle-factory.adb
./persistent-handle-factory.ads
./persistent-handle.adb
./persistent-handle.ads
./persistent-memory_pools-dump.adb
./persistent-memory_pools-dump.ads
./persistent-memory_pools-streams-external_b_tree-generic_table.adb
./persistent-memory_pools-streams-external_b_tree-generic_table.ads
./persistent-memory_pools-streams-external_b_tree.adb
./persistent-memory_pools-streams-external_b_tree.ads
./persistent-memory_pools-streams-generic_external_b_tree.adb
./persistent-memory_pools-streams-generic_external_b_tree.ads
./persistent-memory_pools-streams-generic_external_ptr_b_tree.adb
./persistent-memory_pools-streams-generic_external_ptr_b_tree.ads
./persistent-memory_pools-streams.adb
./persistent-memory_pools-streams.ads
./persistent-memory_pools.adb
./persistent-memory_pools.ads
./persistent-native_odbc-text_io.adb
./persistent-native_odbc-text_io.ads
./persistent-native_odbc.adb
./persistent-native_odbc.ads
./persistent-odbc-text_io.adb
./persistent-odbc-text_io.ads
./persistent-odbc.adb
./persistent-odbc.ads
./persistent-single_file-text_io.adb
./persistent-single_file-text_io.ads
./persistent-single_file.adb
./persistent-single_file.ads
./persistent-single_file_keys-arrays.ads
./persistent-single_file_keys-sets.ads
./persistent-single_file_keys.adb
./persistent-single_file_keys.ads
./persistent-sqlite-text_io.adb
./persistent-sqlite-text_io.ads
./persistent-sqlite.adb
./persistent-sqlite.ads
./persistent-sqlite_keys-arrays.ads
./persistent-sqlite_keys-sets.ads
./persistent-sqlite_keys.adb
./persistent-sqlite_keys.ads
./persistent-sqlite_links.adb
./persistent-sqlite_links.ads
./persistent.adb
./persistent.ads
./prev.gif
./pulse_event.gif
./readme_components.txt
./single-task/object.adb
./single-task/persistent-data_bank-mutexes.ads
./single-task/readme_components.txt
./source.jpg
./sqlite-sources/readme_components.txt
./sqlite-sources/shell.c
./sqlite-sources/sqlite3.c
./sqlite-sources/sqlite3.h
./sqlite-sources/sqlite3ext.h
./sqlite.adb
./sqlite.ads
./stack_storage-mark_and_release.adb
./stack_storage-mark_and_release.ads
./stack_storage.adb
./stack_storage.ads
./storage_streams.adb
./storage_streams.ads
./strings_edit-symmetric_serialization.adb
./strings_edit-symmetric_serialization.ads
./strings_edit-time_conversions.adb
./strings_edit-time_conversions.ads
./synchronization-events.adb
./synchronization-events.ads
./synchronization-generic_events_array.adb
./synchronization-generic_events_array.ads
./synchronization-generic_mutexes_array.adb
./synchronization-generic_mutexes_array.ads
./synchronization-generic_pulse_events.adb
./synchronization-generic_pulse_events.ads
./synchronization-mutexes.adb
./synchronization-mutexes.ads
./synchronization-pulse_events.adb
./synchronization-pulse_events.ads
./synchronization.ads
./tables-utf8_names.adb
./tables-utf8_names.ads
./test_components/components-apq-apq_persistence_tests.gpr
./test_components/components-connections_server-elv_max_cube-test_elv_max_cube_client.gpr
./test_components/components-connections_server-http_server-test_https_server.gpr
./test_components/components-connections_server-http_server-test_http_server.gpr
./test_components/components-connections_server-modbus-test_modbus_client.gpr
./test_components/components-connections_server-mqtt-test_mqtt.gpr
./test_components/components-connections_server-smtp-test_smtp.gpr
./test_components/components-connections_server-test_data_client.gpr
./test_components/components-connections_server-test_data_server.gpr
./test_components/components-connections_server-test_echo_client.gpr
./test_components/components-connections_server-test_echo_client_async.gpr
./test_components/components-connections_server-test_echo_server.gpr
./test_components/components-gnade-odbc_persistence_tests.gpr
./test_components/components-odbc-odbc_bindings_tests.gpr
./test_components/components-odbc-odbc_persistence_tests.gpr
./test_components/components-sqlite-benchmark_tests.gpr
./test_components/components-sqlite-sqlite_persistence_tests.gpr
./test_components/components-tests.gpr
./test_components/components-test_sqlite_browser.gpr
./test_components/readme_components.txt
./test_components/test_approximations.adb
./test_components/test_apq_persistence.adb
./test_components/test_apq_session.adb
./test_components/test_apq_session.ads
./test_components/test_association.adb
./test_components/test_association.txt
./test_components/test_association_expressions.adb
./test_components/test_association_expressions.ads
./test_components/test_blackboard.adb
./test_components/test_blackboard_performance.adb
./test_components/test_blocking_files.adb
./test_components/test_block_streams.adb
./test_components/test_b_trees.adb
./test_components/test_cubic_spline.adb
./test_components/test_data_client.adb
./test_components/test_data_server.adb
./test_components/test_data_servers.adb
./test_components/test_data_servers.ads
./test_components/test_dining_philosophers.adb
./test_components/test_dining_philosophers_forks.ads
./test_components/test_discrete_maps.ads
./test_components/test_discrete_sets.ads
./test_components/test_echo_client.adb
./test_components/test_echo_clients.adb
./test_components/test_echo_clients.ads
./test_components/test_echo_client_async.adb
./test_components/test_echo_server.adb
./test_components/test_echo_servers.adb
./test_components/test_echo_servers.ads
./test_components/test_elv_max_cube_client.adb
./test_components/test_fifo.adb
./test_components/test_generic_indefinite_sets.adb
./test_components/test_generic_maps.adb
./test_components/test_generic_sets.adb
./test_components/test_graphs.adb
./test_components/test_handles.adb
./test_components/test_https_client.adb
./test_components/test_https_server.adb
./test_components/test_http_client.adb
./test_components/test_http_continuous_server.adb
./test_components/test_http_continuous_servers.adb
./test_components/test_http_continuous_servers.ads
./test_components/test_http_server.adb
./test_components/test_http_servers-secure.adb
./test_components/test_http_servers-secure.ads
./test_components/test_http_servers.adb
./test_components/test_http_servers.ads
./test_components/test_http_sqlite_browser.adb
./test_components/test_http_sqlite_servers.adb
./test_components/test_http_sqlite_servers.ads
./test_components/test_ieee_754.adb
./test_components/test_infinity_server.adb
./test_components/test_infinity_servers.adb
./test_components/test_infinity_servers.ads
./test_components/test_integer_b_trees.ads
./test_components/test_integer_fifo.adb
./test_components/test_integer_fifo.ads
./test_components/test_integer_sets.ads
./test_components/test_integer_signaled_fifo.ads
./test_components/test_linked_lists-controlled_elements.adb
./test_components/test_linked_lists-string_elements.adb
./test_components/test_linked_lists-task_elements.adb
./test_components/test_linked_lists.adb
./test_components/test_linked_lists_of_elements-strings.adb
./test_components/test_linked_lists_of_elements-strings.ads
./test_components/test_linked_lists_of_elements.ads
./test_components/test_linked_lists_of_strings.ads
./test_components/test_linked_lists_of_tasks.adb
./test_components/test_linked_lists_of_tasks.ads
./test_components/test_linked_lists_scheduler.adb
./test_components/test_linked_lists_scheduler.ads
./test_components/test_linked_lists_scheduler_test.adb
./test_components/test_modbus_client.adb
./test_components/test_mqtt_client.adb
./test_components/test_mqtt_clients.adb
./test_components/test_mqtt_clients.ads
./test_components/test_mqtt_server.adb
./test_components/test_mqtt_servers.adb
./test_components/test_mqtt_servers.ads
./test_components/test_my_string-handle.adb
./test_components/test_my_string-handle.ads
./test_components/test_my_string.ads
./test_components/test_native_odbc_persistence.adb
./test_components/test_native_odbc_session.adb
./test_components/test_native_odbc_session.ads
./test_components/test_object-handle.ads
./test_components/test_object-handle_array.ads
./test_components/test_object.adb
./test_components/test_object.ads
./test_components/test_odbc_bindings.adb
./test_components/test_odbc_persistence.adb
./test_components/test_odbc_session.adb
./test_components/test_odbc_session.ads
./test_components/test_parser_stream_io.adb
./test_components/test_persistent_file_storage.adb
./test_components/test_persistent_file_storage.ads
./test_components/test_persistent_memory_pool.adb
./test_components/test_persistent_object.adb
./test_components/test_persistent_object.ads
./test_components/test_persistent_storage.adb
./test_components/test_persistent_tree.adb
./test_components/test_persistent_tree.ads
./test_components/test_record_blackboards.ads
./test_components/test_safe_string_blackboards.ads
./test_components/test_sequencer.adb
./test_components/test_sequencer_sets.ads
./test_components/test_set.ads
./test_components/test_single_file_persistence.adb
./test_components/test_smtp_client.adb
./test_components/test_sqlite_benchmark.adb
./test_components/test_sqlite_persistence.adb
./test_components/test_stack.adb
./test_components/test_stack_item.adb
./test_components/test_stack_item.ads
./test_components/test_storage_streams.adb
./test_components/test_string_blackboards.ads
./test_components/test_string_b_trees.ads
./test_components/test_string_fifo.ads
./test_components/test_string_graph.ads
./test_components/test_string_sets.ads
./test_components/test_string_signaled_fifo.ads
./test_components/test_string_streams.adb
./test_components/test_suffix_tree.adb
./test_components/test_suffix_tree.ads
./test_components/test_synchronization_events.adb
./test_components/test_synchronization_events_array.ads
./test_components/test_synchronization_pulse_events.ads
./test_components/test_transactional_blocking_files.adb
./test_components/test_utf8_tables.adb
./test_components/test_utf8_tables_table.adb
./test_components/test_utf8_tables_table.ads
./test_components/test_websocket_duplex_server.adb
./test_components/test_websocket_duplex_servers.adb
./test_components/test_websocket_duplex_servers.ads
./test_components/test_websocket_server.adb
./test_components/test_websocket_servers.adb
./test_components/test_websocket_servers.ads
./xpm/parsers-generic_source-xpm.adb
./xpm/parsers-generic_source-xpm.ads
./xpm/parsers-multiline_source-xpm.ads
./xpm/readme.txt
./xpm/xpm_parser.gpr
