./centos-logo.jpg
./debian-logo.jpg
./download.jpg
./fedora-logo.jpg
./home.jpg
./in.jpg
./index.gif
./next.gif
./prev.gif
./readme_strings_edit.txt
./strings_edit-base64.adb
./strings_edit-base64.ads
./strings_edit-chacha20-aead.adb
./strings_edit-chacha20-aead.ads
./strings_edit-chacha20-poly1305.adb
./strings_edit-chacha20-poly1305.ads
./strings_edit-chacha20.adb
./strings_edit-chacha20.ads
./strings_edit-distinguished_names.adb
./strings_edit-distinguished_names.ads
./strings_edit-fields.adb
./strings_edit-fields.ads
./strings_edit-floats.ads
./strings_edit-float_edit.adb
./strings_edit-float_edit.ads
./strings_edit-generic_scale.adb
./strings_edit-generic_scale.ads
./strings_edit-integers-subscript.ads
./strings_edit-integers-superscript.ads
./strings_edit-integers.ads
./strings_edit-integer_edit.adb
./strings_edit-integer_edit.ads
./strings_edit-iso_8601.adb
./strings_edit-iso_8601.ads
./strings_edit-lexicographical_order.adb
./strings_edit-lexicographical_order.ads
./strings_edit-long_floats.ads
./strings_edit-object_identifiers.adb
./strings_edit-object_identifiers.ads
./strings_edit-quoted.adb
./strings_edit-quoted.ads
./strings_edit-roman_edit.adb
./strings_edit-roman_edit.ads
./strings_edit-streams-generic_integer.adb
./strings_edit-streams-generic_integer.ads
./strings_edit-streams-generic_modular.adb
./strings_edit-streams-generic_modular.ads
./strings_edit-streams-generic_unsigned.adb
./strings_edit-streams-generic_unsigned.ads
./strings_edit-streams-integers.ads
./strings_edit-streams-integers_32.ads
./strings_edit-streams-integers_64.ads
./strings_edit-streams-naturals.ads
./strings_edit-streams-unsigneds_32.ads
./strings_edit-streams-unsigneds_64.ads
./strings_edit-streams.adb
./strings_edit-streams.ads
./strings_edit-text_edit.adb
./strings_edit-utf8-blocks.ads
./strings_edit-utf8-categorization.adb
./strings_edit-utf8-categorization.ads
./strings_edit-utf8-handling.adb
./strings_edit-utf8-handling.ads
./strings_edit-utf8-integer_edit.adb
./strings_edit-utf8-integer_edit.ads
./strings_edit-utf8-iso_8859_10.adb
./strings_edit-utf8-iso_8859_10.ads
./strings_edit-utf8-iso_8859_2.adb
./strings_edit-utf8-iso_8859_2.ads
./strings_edit-utf8-iso_8859_3.adb
./strings_edit-utf8-iso_8859_3.ads
./strings_edit-utf8-iso_8859_4.adb
./strings_edit-utf8-iso_8859_4.ads
./strings_edit-utf8-iso_8859_5.adb
./strings_edit-utf8-iso_8859_5.ads
./strings_edit-utf8-iso_8859_6.adb
./strings_edit-utf8-iso_8859_6.ads
./strings_edit-utf8-iso_8859_7.adb
./strings_edit-utf8-iso_8859_7.ads
./strings_edit-utf8-iso_8859_8.adb
./strings_edit-utf8-iso_8859_8.ads
./strings_edit-utf8-iso_8859_9.adb
./strings_edit-utf8-iso_8859_9.ads
./strings_edit-utf8-itu_t61.adb
./strings_edit-utf8-itu_t61.ads
./strings_edit-utf8-koi8.adb
./strings_edit-utf8-koi8.ads
./strings_edit-utf8-macos_roman.adb
./strings_edit-utf8-macos_roman.ads
./strings_edit-utf8-mapping.adb
./strings_edit-utf8-mapping.ads
./strings_edit-utf8-maps-constants.ads
./strings_edit-utf8-maps.adb
./strings_edit-utf8-maps.ads
./strings_edit-utf8-radix50.adb
./strings_edit-utf8-radix50.ads
./strings_edit-utf8-recoding_streams.adb
./strings_edit-utf8-recoding_streams.ads
./strings_edit-utf8-subscript-integer_edit.ads
./strings_edit-utf8-subscript.adb
./strings_edit-utf8-subscript.ads
./strings_edit-utf8-superscript-integer_edit.ads
./strings_edit-utf8-superscript.adb
./strings_edit-utf8-superscript.ads
./strings_edit-utf8-wildcards-case_insensitive.adb
./strings_edit-utf8-wildcards-case_insensitive.ads
./strings_edit-utf8-wildcards.adb
./strings_edit-utf8-wildcards.ads
./strings_edit-utf8-windows_1250.adb
./strings_edit-utf8-windows_1250.ads
./strings_edit-utf8-windows_1251.adb
./strings_edit-utf8-windows_1251.ads
./strings_edit-utf8-windows_1252.adb
./strings_edit-utf8-windows_1252.ads
./strings_edit-utf8-windows_1253.adb
./strings_edit-utf8-windows_1253.ads
./strings_edit-utf8-windows_1254.adb
./strings_edit-utf8-windows_1254.ads
./strings_edit-utf8-windows_1255.adb
./strings_edit-utf8-windows_1255.ads
./strings_edit-utf8-windows_1256.adb
./strings_edit-utf8-windows_1256.ads
./strings_edit-utf8-windows_1257.adb
./strings_edit-utf8-windows_1257.ads
./strings_edit-utf8-windows_1258.adb
./strings_edit-utf8-windows_1258.ads
./strings_edit-utf8.adb
./strings_edit-utf8.ads
./strings_edit.adb
./strings_edit.ads
./strings_edit.gpr
./strings_edit.htm
./strings_edit_scale.gif
./test_strings_edit/readme_strings_edit.txt
./test_strings_edit/strings_edit-test.gpr
./test_strings_edit/strings_edit-utf8-categorization_generator.adb
./test_strings_edit/strings_edit-utf8-mapping_generator.adb
./test_strings_edit/test_base64.adb
./test_strings_edit/test_chacha20.adb
./test_strings_edit/test_dn.adb
./test_strings_edit/test_iso_8601.adb
./test_strings_edit/test_iso_8859_10.adb
./test_strings_edit/test_iso_8859_2.adb
./test_strings_edit/test_iso_8859_3.adb
./test_strings_edit/test_iso_8859_4.adb
./test_strings_edit/test_iso_8859_5.adb
./test_strings_edit/test_iso_8859_6.adb
./test_strings_edit/test_iso_8859_7.adb
./test_strings_edit/test_iso_8859_8.adb
./test_strings_edit/test_iso_8859_9.adb
./test_strings_edit/test_itu_t61.adb
./test_strings_edit/test_koi8.adb
./test_strings_edit/test_macos_roman.adb
./test_strings_edit/test_oid.adb
./test_strings_edit/test_radix50.adb
./test_strings_edit/test_strings_edit.adb
./test_strings_edit/test_string_streams.adb
./test_strings_edit/test_windows_1250.adb
./test_strings_edit/test_windows_1251.adb
./test_strings_edit/test_windows_1252.adb
./test_strings_edit/test_windows_1253.adb
./test_strings_edit/test_windows_1254.adb
./test_strings_edit/test_windows_1255.adb
./test_strings_edit/test_windows_1256.adb
./test_strings_edit/test_windows_1257.adb
./test_strings_edit/test_windows_1258.adb
./test_strings_edit/UnicodeData.txt
./ubuntu-logo.jpg
