./centos-logo.jpg
./debian-logo.jpg
./download.jpg
./fedora-logo.jpg
./home.jpg
./in.jpg
./index.gif
./next.gif
./prev.gif
./readme_tables.txt
./tables-names.adb
./tables-names.ads
./tables.adb
./tables.ads
./tables.gpr
./tables.htm
./test_tables/readme_tables.txt
./test_tables/tables-test.gpr
./test_tables/test_tables.adb
./test_tables/test_tables_check_matched.adb
./test_tables/test_tables_check_spelling.adb
./test_tables/test_tables_names.ads
./test_tables/test_tables_table.ads
./ubuntu-logo.jpg
